=========================================
trainer.py log started 2026-03-16 22:44:39.157888
Model: StandaloneBINN
Train size: 742
Validation size: 159
Epochs: 10
Alpha: 0.001
Weight_Decay: 0.0001
Epoch 1
-------------------------------
loss: 2.397870  [   32/  742]
loss: 2.942459  [  352/  742]
loss: 2.517531  [  672/  742]
Average Validation Loss: 2.188832 

Epoch 2
-------------------------------
loss: 1.919855  [   32/  742]
loss: 1.733776  [  352/  742]
loss: 1.552446  [  672/  742]
Average Validation Loss: 2.247516 

Epoch 3
-------------------------------
loss: 1.748874  [   32/  742]
loss: 1.994705  [  352/  742]
loss: 1.866420  [  672/  742]
Average Validation Loss: 2.251054 

Epoch 4
-------------------------------
loss: 2.066730  [   32/  742]
loss: 2.181574  [  352/  742]
loss: 2.505053  [  672/  742]
Average Validation Loss: 2.577113 

Epoch 5
-------------------------------
loss: 1.533830  [   32/  742]
loss: 1.482715  [  352/  742]
loss: 1.516674  [  672/  742]
Average Validation Loss: 2.850616 

Epoch 6
-------------------------------
loss: 1.354524  [   32/  742]
loss: 1.833770  [  352/  742]
loss: 1.665485  [  672/  742]
Average Validation Loss: 3.039872 

Epoch 7
-------------------------------
loss: 1.070395  [   32/  742]
loss: 1.570874  [  352/  742]
loss: 1.448167  [  672/  742]
Average Validation Loss: 3.443099 

Epoch 8
-------------------------------
loss: 1.615366  [   32/  742]
loss: 0.923321  [  352/  742]
loss: 0.627803  [  672/  742]
Average Validation Loss: 3.871393 

Epoch 9
-------------------------------
loss: 1.174632  [   32/  742]
loss: 1.104375  [  352/  742]
loss: 0.964342  [  672/  742]
Average Validation Loss: 3.769542 

Epoch 10
-------------------------------
loss: 0.914542  [   32/  742]
loss: 0.828272  [  352/  742]
loss: 2.589494  [  672/  742]
Average Validation Loss: 3.468188 

Done!
