=========================================
trainer.py log started 2026-03-17 00:40:57.498932
Model: StandaloneBINN
	in_nodes: 3563
	pathway_nodes: 491
	hidden_nodes: 64
	out_nodes: 24
Train: 0.7 = 742 samples
Validation: 0.15 = 159 samples
Batch Size: 128
Epochs: 15
Alpha: 0.001
Weight_Decay: 0.0001
Epoch 1
-------------------------------
loss: 3.048584  [  128/  742]
loss: 3.692760  [  256/  742]
loss: 3.825191  [  384/  742]
loss: 3.880579  [  512/  742]
loss: 3.956263  [  640/  742]
Average Training Loss: 3.680675
Val Loss: 2.8681 | C-index: 0.5177

Epoch 2
-------------------------------
loss: 3.826508  [  128/  742]
loss: 3.883886  [  256/  742]
loss: 3.582240  [  384/  742]
loss: 3.301480  [  512/  742]
loss: 3.570610  [  640/  742]
Average Training Loss: 3.632945
Val Loss: 2.8672 | C-index: 0.4715

Epoch 3
-------------------------------
loss: 3.984057  [  128/  742]
loss: 3.374097  [  256/  742]
loss: 3.606171  [  384/  742]
loss: 3.916428  [  512/  742]
loss: 3.549493  [  640/  742]
Average Training Loss: 3.686049
Val Loss: 2.8677 | C-index: 0.4354

Epoch 4
-------------------------------
loss: 3.819702  [  128/  742]
loss: 3.588917  [  256/  742]
loss: 3.159157  [  384/  742]
loss: 3.915722  [  512/  742]
loss: 3.553206  [  640/  742]
Average Training Loss: 3.607341
Val Loss: 2.8737 | C-index: 0.4253

Epoch 5
-------------------------------
loss: 3.386512  [  128/  742]
loss: 3.057896  [  256/  742]
loss: 3.729112  [  384/  742]
loss: 3.405417  [  512/  742]
loss: 3.821697  [  640/  742]
Average Training Loss: 3.480127
Val Loss: 2.9065 | C-index: 0.4202

Epoch 6
-------------------------------
loss: 3.602902  [  128/  742]
loss: 3.768739  [  256/  742]
loss: 3.462667  [  384/  742]
loss: 3.485536  [  512/  742]
loss: 3.137121  [  640/  742]
Average Training Loss: 3.491393
Val Loss: 2.9271 | C-index: 0.4202

Epoch 7
-------------------------------
loss: 3.499705  [  128/  742]
loss: 3.405606  [  256/  742]
loss: 3.497961  [  384/  742]
loss: 3.731076  [  512/  742]
loss: 3.194232  [  640/  742]
Average Training Loss: 3.465716
Val Loss: 2.8970 | C-index: 0.4765

Epoch 8
-------------------------------
loss: 3.661713  [  128/  742]
loss: 3.405615  [  256/  742]
loss: 3.029844  [  384/  742]
loss: 3.202817  [  512/  742]
loss: 3.067469  [  640/  742]
Average Training Loss: 3.273492
Val Loss: 2.8213 | C-index: 0.5206

Epoch 9
-------------------------------
loss: 3.170229  [  128/  742]
loss: 2.913731  [  256/  742]
loss: 2.832166  [  384/  742]
loss: 3.103010  [  512/  742]
loss: 3.021265  [  640/  742]
Average Training Loss: 3.008080
Val Loss: 2.9507 | C-index: 0.5213

Epoch 10
-------------------------------
loss: 2.967473  [  128/  742]
loss: 3.018543  [  256/  742]
loss: 2.886724  [  384/  742]
loss: 2.734090  [  512/  742]
loss: 3.060740  [  640/  742]
Average Training Loss: 2.933514
Val Loss: 2.9707 | C-index: 0.5357

Epoch 11
-------------------------------
loss: 3.075600  [  128/  742]
loss: 2.499881  [  256/  742]
loss: 2.983579  [  384/  742]
loss: 3.094238  [  512/  742]
loss: 2.514316  [  640/  742]
Average Training Loss: 2.833523
Val Loss: 3.0791 | C-index: 0.5581

Epoch 12
-------------------------------
loss: 2.687659  [  128/  742]
loss: 2.584644  [  256/  742]
loss: 2.643575  [  384/  742]
loss: 2.538121  [  512/  742]
loss: 2.682418  [  640/  742]
Average Training Loss: 2.627283
Val Loss: 3.4070 | C-index: 0.5199

Epoch 13
-------------------------------
loss: 2.365749  [  128/  742]
loss: 2.963480  [  256/  742]
loss: 2.562195  [  384/  742]
loss: 2.465808  [  512/  742]
loss: 2.613899  [  640/  742]
Average Training Loss: 2.594226
Val Loss: 3.1378 | C-index: 0.5834

Epoch 14
-------------------------------
loss: 2.558538  [  128/  742]
loss: 2.438255  [  256/  742]
loss: 2.573310  [  384/  742]
loss: 2.289494  [  512/  742]
loss: 2.516159  [  640/  742]
Average Training Loss: 2.475151
Val Loss: 3.1757 | C-index: 0.5805

Epoch 15
-------------------------------
loss: 1.746895  [  128/  742]
loss: 2.195579  [  256/  742]
loss: 2.661161  [  384/  742]
loss: 2.223943  [  512/  742]
loss: 1.970401  [  640/  742]
Average Training Loss: 2.159596
Val Loss: 3.6008 | C-index: 0.5343

Done!
Best C-Index = 0.5833935018050541 at Epoch 13
