=========================================
trainer.py log started 2026-03-17 11:53:25.610235
Model: StandaloneBINN
	in_nodes: 3563
	pathway_nodes: 491
	hidden_nodes: 64
	out_nodes: 24
Train: 0.7 = 742 samples
Validation: 0.15 = 159 samples
Batch Size: 128
Epochs: 15
Alpha: 0.001
Weight_Decay: 0.0001
Epoch 1
-------------------------------
loss: 3.822851  [  128/  742]
loss: 3.503478  [  256/  742]
loss: 3.441580  [  384/  742]
loss: 3.333873  [  512/  742]
loss: 3.930645  [  640/  742]
Average Training Loss: 3.606485
Val Loss: 2.8685 | C-index: 0.4816

Epoch 2
-------------------------------
loss: 3.561198  [  128/  742]
loss: 3.206676  [  256/  742]
loss: 3.812350  [  384/  742]
loss: 3.662302  [  512/  742]
loss: 3.616979  [  640/  742]
Average Training Loss: 3.571901
Val Loss: 2.8688 | C-index: 0.4462

Epoch 3
-------------------------------
loss: 3.495408  [  128/  742]
loss: 3.648856  [  256/  742]
loss: 3.487563  [  384/  742]
loss: 3.684051  [  512/  742]
loss: 3.823744  [  640/  742]
Average Training Loss: 3.627924
Val Loss: 2.8717 | C-index: 0.4448

Epoch 4
-------------------------------
loss: 3.926030  [  128/  742]
loss: 3.850257  [  256/  742]
loss: 3.495979  [  384/  742]
loss: 3.592618  [  512/  742]
loss: 3.656099  [  640/  742]
Average Training Loss: 3.704197
Val Loss: 2.8792 | C-index: 0.4462

Epoch 5
-------------------------------
loss: 3.798508  [  128/  742]
loss: 3.678129  [  256/  742]
loss: 3.854546  [  384/  742]
loss: 3.397213  [  512/  742]
loss: 3.391456  [  640/  742]
Average Training Loss: 3.623970
Val Loss: 2.8945 | C-index: 0.4469

Epoch 6
-------------------------------
loss: 3.327518  [  128/  742]
loss: 3.809278  [  256/  742]
loss: 3.750491  [  384/  742]
loss: 3.304801  [  512/  742]
loss: 3.960905  [  640/  742]
Average Training Loss: 3.630599
Val Loss: 2.9171 | C-index: 0.4397

Epoch 7
-------------------------------
loss: 3.346268  [  128/  742]
loss: 3.285790  [  256/  742]
loss: 3.286712  [  384/  742]
loss: 3.607841  [  512/  742]
loss: 3.377140  [  640/  742]
Average Training Loss: 3.380750
Val Loss: 2.9315 | C-index: 0.4765

Epoch 8
-------------------------------
loss: 3.476447  [  128/  742]
loss: 2.964741  [  256/  742]
loss: 3.130889  [  384/  742]
loss: 3.240671  [  512/  742]
loss: 3.405513  [  640/  742]
Average Training Loss: 3.243652
Val Loss: 2.8851 | C-index: 0.5242

Epoch 9
-------------------------------
loss: 3.058607  [  128/  742]
loss: 3.081970  [  256/  742]
loss: 3.348803  [  384/  742]
loss: 3.214656  [  512/  742]
loss: 3.153299  [  640/  742]
Average Training Loss: 3.171467
Val Loss: 2.8431 | C-index: 0.5653

Epoch 10
-------------------------------
loss: 3.099136  [  128/  742]
loss: 2.834473  [  256/  742]
loss: 3.025286  [  384/  742]
loss: 3.161712  [  512/  742]
loss: 2.768319  [  640/  742]
Average Training Loss: 2.977785
Val Loss: 2.9739 | C-index: 0.5480

Epoch 11
-------------------------------
loss: 3.248106  [  128/  742]
loss: 2.643905  [  256/  742]
loss: 2.817495  [  384/  742]
loss: 2.577769  [  512/  742]
loss: 2.667439  [  640/  742]
Average Training Loss: 2.790943
Val Loss: 3.0815 | C-index: 0.5538

Epoch 12
-------------------------------
loss: 2.828344  [  128/  742]
loss: 3.017818  [  256/  742]
loss: 2.692926  [  384/  742]
loss: 2.606673  [  512/  742]
loss: 2.331857  [  640/  742]
Average Training Loss: 2.695523
Val Loss: 3.2789 | C-index: 0.5170

Epoch 13
-------------------------------
loss: 2.499033  [  128/  742]
loss: 2.743471  [  256/  742]
loss: 2.523423  [  384/  742]
loss: 2.472409  [  512/  742]
loss: 2.307722  [  640/  742]
Average Training Loss: 2.509212
Val Loss: 3.4458 | C-index: 0.5141

Epoch 14
-------------------------------
loss: 2.597696  [  128/  742]
loss: 2.720345  [  256/  742]
loss: 2.019648  [  384/  742]
loss: 2.419218  [  512/  742]
loss: 2.131450  [  640/  742]
Average Training Loss: 2.377671
Val Loss: 3.5185 | C-index: 0.4982

Epoch 15
-------------------------------
loss: 2.311540  [  128/  742]
loss: 2.050092  [  256/  742]
loss: 2.526221  [  384/  742]
loss: 2.562602  [  512/  742]
loss: 2.501675  [  640/  742]
Average Training Loss: 2.390426
Val Loss: 3.6519 | C-index: 0.5726

Done!
Best C-Index = 0.5725631768953069 at Epoch 15
FINAL TEST Average Loss: 2.4278
FINAL TEST C-index: 0.7535
