=========================================
trainer.py log started 2026-03-16 23:54:38.943145
Model: StandaloneBINN
	in_nodes: 3563
	pathway_nodes: 491
	hidden_nodes: 64
	out_nodes: 24
Train: 0.7 = 742 samples
Validation: 0.15 = 159 samples
Batch Size: 128
Epochs: 15
Alpha: 0.001
Weight_Decay: 0.001
Epoch 1
-------------------------------
loss: 4.095616  [  128/  742]
loss: 3.856141  [  256/  742]
loss: 3.156490  [  384/  742]
loss: 3.486440  [  512/  742]
loss: 3.243383  [  640/  742]
Average Training Loss: 3.567614
Val Loss: 2.8687 | C-index: 0.4152

Epoch 2
-------------------------------
loss: 3.568813  [  128/  742]
loss: 3.563708  [  256/  742]
loss: 3.684646  [  384/  742]
loss: 3.613413  [  512/  742]
loss: 3.536494  [  640/  742]
Average Training Loss: 3.593415
Val Loss: 2.8695 | C-index: 0.4173

Epoch 3
-------------------------------
loss: 3.723832  [  128/  742]
loss: 3.502868  [  256/  742]
loss: 3.714014  [  384/  742]
loss: 3.456876  [  512/  742]
loss: 3.580164  [  640/  742]
Average Training Loss: 3.595551
Val Loss: 2.8715 | C-index: 0.4058

Epoch 4
-------------------------------
loss: 3.609109  [  128/  742]
loss: 3.621335  [  256/  742]
loss: 3.697121  [  384/  742]
loss: 3.189731  [  512/  742]
loss: 3.541819  [  640/  742]
Average Training Loss: 3.531823
Val Loss: 2.8767 | C-index: 0.4072

Epoch 5
-------------------------------
loss: 3.319945  [  128/  742]
loss: 3.394578  [  256/  742]
loss: 3.159143  [  384/  742]
loss: 4.159024  [  512/  742]
loss: 3.472024  [  640/  742]
Average Training Loss: 3.500943
Val Loss: 2.8953 | C-index: 0.4181

Epoch 6
-------------------------------
loss: 3.367888  [  128/  742]
loss: 3.204957  [  256/  742]
loss: 3.626907  [  384/  742]
loss: 3.505051  [  512/  742]
loss: 3.522349  [  640/  742]
Average Training Loss: 3.445430
Val Loss: 2.9322 | C-index: 0.4195

Epoch 7
-------------------------------
loss: 3.390270  [  128/  742]
loss: 3.303983  [  256/  742]
loss: 3.457776  [  384/  742]
loss: 3.378033  [  512/  742]
loss: 3.589235  [  640/  742]
Average Training Loss: 3.423859
Val Loss: 2.9604 | C-index: 0.4289

Epoch 8
-------------------------------
loss: 3.471651  [  128/  742]
loss: 3.109592  [  256/  742]
loss: 3.397053  [  384/  742]
loss: 3.650385  [  512/  742]
loss: 3.370728  [  640/  742]
Average Training Loss: 3.399882
Val Loss: 2.9513 | C-index: 0.4578

Epoch 9
-------------------------------
loss: 3.409795  [  128/  742]
loss: 3.097634  [  256/  742]
loss: 3.153560  [  384/  742]
loss: 2.893556  [  512/  742]
loss: 3.494357  [  640/  742]
Average Training Loss: 3.209780
Val Loss: 2.8201 | C-index: 0.5170

Epoch 10
-------------------------------
loss: 3.170082  [  128/  742]
loss: 2.976790  [  256/  742]
loss: 3.185874  [  384/  742]
loss: 2.895874  [  512/  742]
loss: 3.013168  [  640/  742]
Average Training Loss: 3.048358
Val Loss: 2.8095 | C-index: 0.5437

Epoch 11
-------------------------------
loss: 3.089514  [  128/  742]
loss: 2.666810  [  256/  742]
loss: 2.887634  [  384/  742]
loss: 2.759297  [  512/  742]
loss: 2.774841  [  640/  742]
Average Training Loss: 2.835619
Val Loss: 3.0105 | C-index: 0.5242

Epoch 12
-------------------------------
loss: 2.830793  [  128/  742]
loss: 2.854049  [  256/  742]
loss: 2.630708  [  384/  742]
loss: 2.634378  [  512/  742]
loss: 2.802171  [  640/  742]
Average Training Loss: 2.750420
Val Loss: 3.1334 | C-index: 0.4989

Epoch 13
-------------------------------
loss: 2.498456  [  128/  742]
loss: 2.126985  [  256/  742]
loss: 2.276166  [  384/  742]
loss: 2.827238  [  512/  742]
loss: 2.722786  [  640/  742]
Average Training Loss: 2.490326
Val Loss: 3.2099 | C-index: 0.5134

Epoch 14
-------------------------------
loss: 2.497192  [  128/  742]
loss: 2.275688  [  256/  742]
loss: 2.574187  [  384/  742]
loss: 2.157661  [  512/  742]
loss: 2.556727  [  640/  742]
Average Training Loss: 2.412291
Val Loss: 3.3209 | C-index: 0.5191

Epoch 15
-------------------------------
loss: 2.137969  [  128/  742]
loss: 2.470563  [  256/  742]
loss: 1.898342  [  384/  742]
loss: 2.202925  [  512/  742]
loss: 2.608080  [  640/  742]
Average Training Loss: 2.263576
Val Loss: 3.6333 | C-index: 0.4917

Done!
